#
# There is insufficient memory for the Java Runtime Environment to continue.
# Native memory allocation (malloc) failed to allocate 1049168 bytes. Error detail: Chunk::new
# Possible reasons:
#   The system is out of physical RAM or swap space
#   This process is running with CompressedOops enabled, and the Java Heap may be blocking the growth of the native heap
# Possible solutions:
#   Reduce memory load on the system
#   Increase physical memory or swap space
#   Check if swap backing store is full
#   Decrease Java heap size (-Xmx/-Xms)
#   Decrease number of Java threads
#   Decrease Java thread stack sizes (-Xss)
#   Set larger code cache with -XX:ReservedCodeCacheSize=
#   JVM is running with Zero Based Compressed Oops mode in which the Java heap is
#     placed in the first 32GB address space. The Java Heap base address is the
#     maximum limit for the native heap growth. Please use -XX:HeapBaseMinAddress
#     to set the Java Heap base and to place the Java Heap above 32GB virtual address.
# This output file may be truncated or incomplete.
#
#  Out of Memory Error (arena.cpp:162), pid=12036, tid=11976
#
# JRE version: OpenJDK Runtime Environment Corretto-24.0.2.12.1 (24.0.2+12) (build 24.0.2+12-FR)
# Java VM: OpenJDK 64-Bit Server VM Corretto-24.0.2.12.1 (24.0.2+12-FR, mixed mode, sharing, tiered, compressed oops, compressed class ptrs, g1 gc, windows-amd64)
# No core dump will be written. Minidumps are not enabled by default on client versions of Windows
#

---------------  S U M M A R Y ------------

Command Line: --add-opens=java.base/java.lang=ALL-UNNAMED --add-opens=java.base/java.lang.invoke=ALL-UNNAMED --add-opens=java.base/java.util=ALL-UNNAMED --add-opens=java.prefs/java.util.prefs=ALL-UNNAMED --add-exports=jdk.compiler/com.sun.tools.javac.api=ALL-UNNAMED --add-exports=jdk.compiler/com.sun.tools.javac.util=ALL-UNNAMED --add-opens=java.base/java.util=ALL-UNNAMED --add-opens=java.prefs/java.util.prefs=ALL-UNNAMED --add-opens=java.base/java.nio.charset=ALL-UNNAMED --add-opens=java.base/java.net=ALL-UNNAMED --add-opens=java.base/java.util.concurrent.atomic=ALL-UNNAMED --add-opens=java.xml/javax.xml.namespace=ALL-UNNAMED --enable-native-access=ALL-UNNAMED -Xmx3072M -Dfile.encoding=UTF-8 -Duser.country=CN -Duser.language=zh -Duser.variant -javaagent:C:\Users\Administrator\.gradle\wrapper\dists\gradle-8.14.3-bin\40dfek2kz346l18gf9ltjsnyd\gradle-8.14.3\lib\agents\gradle-instrumentation-agent-8.14.3.jar org.gradle.launcher.daemon.bootstrap.GradleDaemon 8.14.3

Host: Intel(R) Xeon(R) Platinum 8170M CPU @ 2.10GHz, 4 cores, 7G,  Windows 10 , 64 bit Build 19041 (10.0.19041.1889)
Time: Tue Feb  3 15:29:59 2026 elapsed time: 5142.810228 seconds (0d 1h 25m 42s)

---------------  T H R E A D  ---------------

Current thread (0x0000021148493010):  JavaThread "C2 CompilerThread0" daemon [_thread_in_native, id=11976, stack(0x000000eb6d400000,0x000000eb6d500000) (1024K)]


Current CompileTask:
C2:5142810 18526   !   4       org.apache.commons.io.output.ProxyOutputStream::write (32 bytes)

Stack: [0x000000eb6d400000,0x000000eb6d500000]
Native frames: (J=compiled Java code, j=interpreted, Vv=VM code, C=native code)
V  [jvm.dll+0x73c799]  (no source info available)
V  [jvm.dll+0x9758e8]  (no source info available)
V  [jvm.dll+0x977d54]  (no source info available)
V  [jvm.dll+0x9783a3]  (no source info available)
V  [jvm.dll+0x2b0ff6]  (no source info available)
V  [jvm.dll+0xd2edf]  (no source info available)
V  [jvm.dll+0xd3144]  (no source info available)
V  [jvm.dll+0x1597f0]  (no source info available)
V  [jvm.dll+0x7420cb]  (no source info available)
V  [jvm.dll+0x27537b]  (no source info available)
V  [jvm.dll+0x2743fe]  (no source info available)
V  [jvm.dll+0x1ef980]  (no source info available)
V  [jvm.dll+0x283f4a]  (no source info available)
V  [jvm.dll+0x2821d5]  (no source info available)
V  [jvm.dll+0x43946d]  (no source info available)
V  [jvm.dll+0x91908d]  (no source info available)
V  [jvm.dll+0x73af75]  (no source info available)
C  [ucrtbase.dll+0x21bb2]  (no source info available)
C  [KERNEL32.DLL+0x17034]  (no source info available)
C  [ntdll.dll+0x52651]  (no source info available)

Lock stack of current Java thread (top to bottom):


---------------  P R O C E S S  ---------------

Threads class SMR info:
_java_thread_list=0x000002118f671860, length=49, elements={
0x000002112a8fc370, 0x0000021148489ca0, 0x000002114848ab90, 0x000002114848ead0,
0x000002114848f600, 0x0000021148490ee0, 0x0000021148491a10, 0x0000021148493010,
0x0000021148497f90, 0x0000021148626f20, 0x00000211487300c0, 0x000002118f65c590,
0x000002118e0f5610, 0x000002114859c6a0, 0x000002118f943c10, 0x000002118f9434c0,
0x000002118f947de0, 0x000002118f942620, 0x000002118f946f40, 0x000002118f9493d0,
0x000002118f9467f0, 0x000002118f948530, 0x0000021190cc4000, 0x0000021190cc38b0,
0x00000211911ca340, 0x0000021197da64c0, 0x0000021197da1450, 0x0000021190cc5d40,
0x0000021190cc7330, 0x0000021190cc1b70, 0x0000021190cc4ea0, 0x0000021190cc6490,
0x0000021190cc7a80, 0x0000021190cc4750, 0x0000021190cc6be0, 0x0000021190cc81d0,
0x0000021190cc1420, 0x00000211911c8d50, 0x00000211911c94a0, 0x00000211911c9bf0,
0x00000211911c5a20, 0x00000211911c4430, 0x00000211911c7eb0, 0x00000211911c8600,
0x00000211486be300, 0x00000211486b8b40, 0x00000211486b9290, 0x00000211486bf1a0,
0x00000211486bdbb0
}

Java Threads: ( => current thread )
  0x000002112a8fc370 JavaThread "main"                              [_thread_blocked, id=11980, stack(0x000000eb6c600000,0x000000eb6c700000) (1024K)]
  0x0000021148489ca0 JavaThread "Reference Handler"          daemon [_thread_blocked, id=10172, stack(0x000000eb6ce00000,0x000000eb6cf00000) (1024K)]
  0x000002114848ab90 JavaThread "Finalizer"                  daemon [_thread_blocked, id=8756, stack(0x000000eb6cf00000,0x000000eb6d000000) (1024K)]
  0x000002114848ead0 JavaThread "Signal Dispatcher"          daemon [_thread_blocked, id=6280, stack(0x000000eb6d000000,0x000000eb6d100000) (1024K)]
  0x000002114848f600 JavaThread "Attach Listener"            daemon [_thread_blocked, id=4552, stack(0x000000eb6d100000,0x000000eb6d200000) (1024K)]
  0x0000021148490ee0 JavaThread "Service Thread"             daemon [_thread_blocked, id=11848, stack(0x000000eb6d200000,0x000000eb6d300000) (1024K)]
  0x0000021148491a10 JavaThread "Monitor Deflation Thread"   daemon [_thread_blocked, id=11200, stack(0x000000eb6d300000,0x000000eb6d400000) (1024K)]
=>0x0000021148493010 JavaThread "C2 CompilerThread0"         daemon [_thread_in_native, id=11976, stack(0x000000eb6d400000,0x000000eb6d500000) (1024K)]
  0x0000021148497f90 JavaThread "C1 CompilerThread0"         daemon [_thread_blocked, id=10720, stack(0x000000eb6d500000,0x000000eb6d600000) (1024K)]
  0x0000021148626f20 JavaThread "Common-Cleaner"             daemon [_thread_blocked, id=3236, stack(0x000000eb6d600000,0x000000eb6d700000) (1024K)]
  0x00000211487300c0 JavaThread "Notification Thread"        daemon [_thread_blocked, id=4076, stack(0x000000eb6d700000,0x000000eb6d800000) (1024K)]
  0x000002118f65c590 JavaThread "Daemon health stats"               [_thread_blocked, id=11208, stack(0x000000eb6da00000,0x000000eb6db00000) (1024K)]
  0x000002118e0f5610 JavaThread "Incoming local TCP Connector on port 59292"        [_thread_in_native, id=9740, stack(0x000000eb6db00000,0x000000eb6dc00000) (1024K)]
  0x000002114859c6a0 JavaThread "Daemon periodic checks"            [_thread_blocked, id=7156, stack(0x000000eb6dc00000,0x000000eb6dd00000) (1024K)]
  0x000002118f943c10 JavaThread "Cache worker for journal cache (C:\Users\Administrator\.gradle\caches\journal-1)"        [_thread_blocked, id=12232, stack(0x000000eb6e500000,0x000000eb6e600000) (1024K)]
  0x000002118f9434c0 JavaThread "File lock request listener"        [_thread_in_native, id=8072, stack(0x000000eb6e600000,0x000000eb6e700000) (1024K)]
  0x000002118f947de0 JavaThread "Cache worker for file hash cache (C:\Users\Administrator\.gradle\caches\8.14.3\fileHashes)"        [_thread_blocked, id=3280, stack(0x000000eb6e700000,0x000000eb6e800000) (1024K)]
  0x000002118f942620 JavaThread "Cache worker for file content cache (C:\Users\Administrator\.gradle\caches\8.14.3\fileContent)"        [_thread_blocked, id=11344, stack(0x000000eb6ec00000,0x000000eb6ed00000) (1024K)]
  0x000002118f946f40 JavaThread "File watcher server"        daemon [_thread_in_native, id=6616, stack(0x000000eb6ea00000,0x000000eb6eb00000) (1024K)]
  0x000002118f9493d0 JavaThread "File watcher consumer"      daemon [_thread_blocked, id=2344, stack(0x000000eb6ed00000,0x000000eb6ee00000) (1024K)]
  0x000002118f9467f0 JavaThread "jar transforms"                    [_thread_blocked, id=11804, stack(0x000000eb6ee00000,0x000000eb6ef00000) (1024K)]
  0x000002118f948530 JavaThread "jar transforms Thread 2"           [_thread_blocked, id=9788, stack(0x000000eb6ef00000,0x000000eb6f000000) (1024K)]
  0x0000021190cc4000 JavaThread "jar transforms Thread 3"           [_thread_blocked, id=6560, stack(0x000000eb6f100000,0x000000eb6f200000) (1024K)]
  0x0000021190cc38b0 JavaThread "jar transforms Thread 4"           [_thread_blocked, id=6776, stack(0x000000eb6f900000,0x000000eb6fa00000) (1024K)]
  0x00000211911ca340 JavaThread "Memory manager"                    [_thread_blocked, id=7660, stack(0x000000eb71b00000,0x000000eb71c00000) (1024K)]
  0x0000021197da64c0 JavaThread "RMI Scheduler(0)"           daemon [_thread_blocked, id=8620, stack(0x000000eb72600000,0x000000eb72700000) (1024K)]
  0x0000021197da1450 JavaThread "RMI TCP Accept-0"           daemon [_thread_in_native, id=6272, stack(0x000000eb72900000,0x000000eb72a00000) (1024K)]
  0x0000021190cc5d40 JavaThread "RMI GC Daemon"              daemon [_thread_blocked, id=9964, stack(0x000000eb6fa00000,0x000000eb6fb00000) (1024K)]
  0x0000021190cc7330 JavaThread "RMI Reaper"                        [_thread_blocked, id=4052, stack(0x000000eb6fb00000,0x000000eb6fc00000) (1024K)]
  0x0000021190cc1b70 JavaThread "RMI TCP Connection(idle)"   daemon [_thread_blocked, id=11080, stack(0x000000eb6c300000,0x000000eb6c400000) (1024K)]
  0x0000021190cc4ea0 JavaThread "Daemon Thread 6"                   [_thread_blocked, id=2348, stack(0x000000eb6c400000,0x000000eb6c500000) (1024K)]
  0x0000021190cc6490 JavaThread "Handler for socket connection from /127.0.0.1:59292 to /127.0.0.1:59495"        [_thread_blocked, id=9016, stack(0x000000eb6c500000,0x000000eb6c600000) (1024K)]
  0x0000021190cc7a80 JavaThread "Cancel handler"                    [_thread_blocked, id=10712, stack(0x000000eb6dd00000,0x000000eb6de00000) (1024K)]
  0x0000021190cc4750 JavaThread "Daemon worker Thread 5"            [_thread_in_native, id=2612, stack(0x000000eb6de00000,0x000000eb6df00000) (1024K)]
  0x0000021190cc6be0 JavaThread "Stdin handler"                     [_thread_blocked, id=7456, stack(0x000000eb6e000000,0x000000eb6e100000) (1024K)]
  0x0000021190cc81d0 JavaThread "Daemon client event forwarder"        [_thread_blocked, id=11716, stack(0x000000eb6e100000,0x000000eb6e200000) (1024K)]
  0x0000021190cc1420 JavaThread "Cache worker for file hash cache (C:\Users\Administrator\Desktop\mcserver\.gradle\8.14.3\fileHashes)"        [_thread_blocked, id=8324, stack(0x000000eb6e200000,0x000000eb6e300000) (1024K)]
  0x00000211911c8d50 JavaThread "Cache worker for checksums cache (C:\Users\Administrator\Desktop\mcserver\.gradle\8.14.3\checksums)"        [_thread_blocked, id=11296, stack(0x000000eb6e300000,0x000000eb6e400000) (1024K)]
  0x00000211911c94a0 JavaThread "Cache worker for Build Output Cleanup Cache (C:\Users\Administrator\Desktop\mcserver\.gradle\buildOutputCleanup)"        [_thread_blocked, id=8032, stack(0x000000eb6e800000,0x000000eb6e900000) (1024K)]
  0x00000211911c9bf0 JavaThread "Build operations"                  [_thread_blocked, id=11740, stack(0x000000eb6f200000,0x000000eb6f300000) (1024K)]
  0x00000211911c5a20 JavaThread "included builds"                   [_thread_blocked, id=5520, stack(0x000000eb6e900000,0x000000eb6ea00000) (1024K)]
  0x00000211911c4430 JavaThread "Execution worker"                  [_thread_blocked, id=9716, stack(0x000000eb6f300000,0x000000eb6f400000) (1024K)]
  0x00000211911c7eb0 JavaThread "Execution worker Thread 2"         [_thread_blocked, id=4976, stack(0x000000eb6f400000,0x000000eb6f500000) (1024K)]
  0x00000211911c8600 JavaThread "Execution worker Thread 3"         [_thread_blocked, id=7032, stack(0x000000eb6f500000,0x000000eb6f600000) (1024K)]
  0x00000211486be300 JavaThread "Cache worker for execution history cache (C:\Users\Administrator\Desktop\mcserver\.gradle\8.14.3\executionHistory)"        [_thread_blocked, id=7968, stack(0x000000eb6f600000,0x000000eb6f700000) (1024K)]
  0x00000211486b8b40 JavaThread "WorkerExecutor Queue"              [_thread_blocked, id=4924, stack(0x000000eb6f700000,0x000000eb6f800000) (1024K)]
  0x00000211486b9290 JavaThread "Exec process Thread 7"             [_thread_in_native, id=7616, stack(0x000000eb6fc00000,0x000000eb6fd00000) (1024K)]
  0x00000211486bf1a0 JavaThread "Exec process Thread 8"             [_thread_blocked, id=11456, stack(0x000000eb6fd00000,0x000000eb6fe00000) (1024K)]
  0x00000211486bdbb0 JavaThread "Exec process Thread 9"             [_thread_blocked, id=11428, stack(0x000000eb6fe00000,0x000000eb6ff00000) (1024K)]
Total: 49

Other Threads:
  0x0000021148346710 VMThread "VM Thread"                           [id=3812, stack(0x000000eb6cd00000,0x000000eb6ce00000) (1024K)]
  0x000002114846b500 WatcherThread "VM Periodic Task Thread"        [id=11700, stack(0x000000eb6cc00000,0x000000eb6cd00000) (1024K)]
  0x000002112a951670 WorkerThread "GC Thread#0"                     [id=11476, stack(0x000000eb6c700000,0x000000eb6c800000) (1024K)]
  0x0000021148346e70 WorkerThread "GC Thread#1"                     [id=6996, stack(0x000000eb6d800000,0x000000eb6d900000) (1024K)]
  0x0000021148346360 WorkerThread "GC Thread#2"                     [id=11568, stack(0x000000eb6d900000,0x000000eb6da00000) (1024K)]
  0x000002118eccdee0 WorkerThread "GC Thread#3"                     [id=12248, stack(0x000000eb6e400000,0x000000eb6e500000) (1024K)]
  0x000002112a97e750 ConcurrentGCThread "G1 Main Marker"            [id=7160, stack(0x000000eb6c800000,0x000000eb6c900000) (1024K)]
  0x000002112a980120 WorkerThread "G1 Conc#0"                       [id=11004, stack(0x000000eb6c900000,0x000000eb6ca00000) (1024K)]
  0x000002112a9cea50 ConcurrentGCThread "G1 Refine#0"               [id=6516, stack(0x000000eb6ca00000,0x000000eb6cb00000) (1024K)]
  0x00000211483405e0 ConcurrentGCThread "G1 Service"                [id=9056, stack(0x000000eb6cb00000,0x000000eb6cc00000) (1024K)]
Total: 10

Threads with active compile tasks:
C2 CompilerThread0  5143003 18526   !   4       org.apache.commons.io.output.ProxyOutputStream::write (32 bytes)
Total: 1

VM state: not at safepoint (normal execution)

VM Mutex/Monitor currently owned by a thread: None

Heap address: 0x0000000740000000, size: 3072 MB, Compressed Oops mode: Zero based, Oop shift amount: 3

CDS archive(s) mapped at: [0x0000021149000000-0x0000021149d40000-0x0000021149d40000), size 13893632, SharedBaseAddress: 0x0000021149000000, ArchiveRelocationMode: 1.
Compressed class space mapped at: 0x000002114a000000-0x000002118a000000, reserved size: 1073741824
UseCompressedClassPointers 1, UseCompactObjectHeaders 0
Narrow klass pointer bits 32, Max shift 3
Narrow klass base: 0x0000021149000000, Narrow klass shift: 0
Encoding Range: [0x0000021149000000 - 0x0000021249000000), (4294967296 bytes)
Klass Range:    [0x0000021149000000 - 0x000002118a000000), (1090519040 bytes)
Klass ID Range:  [8 - 1090519033) (1090519025)

GC Precious Log:
 CardTable entry size: 512
 Card Set container configuration: InlinePtr #cards 4 size 8 Array Of Cards #cards 16 size 48 Howl #buckets 8 coarsen threshold 3686 Howl Bitmap #cards 512 size 80 coarsen threshold 460 Card regions per heap region 1 cards per card region 4096
 CPUs: 4 total, 4 available
 Memory: 8191M
 Large Page Support: Disabled
 NUMA Support: Disabled
 Compressed Oops: Enabled (Zero based)
 Heap Region Size: 2M
 Heap Min Capacity: 8M
 Heap Initial Capacity: 128M
 Heap Max Capacity: 3G
 Pre-touch: Disabled
 Parallel Workers: 4
 Concurrent Workers: 1
 Concurrent Refinement Workers: 4
 Periodic GC: Disabled

Heap:
 garbage-first heap   total reserved 3145728K, committed 184320K, used 89913K [0x0000000740000000, 0x0000000800000000)
  region size 2048K, 11 young (22528K), 3 survivors (6144K)
 Metaspace       used 101338K, committed 106304K, reserved 1179648K
  class space    used 11555K, committed 13376K, reserved 1048576K

Heap Regions: E=young(eden), S=young(survivor), O=old, HS=humongous(starts), HC=humongous(continues), CS=collection set, F=free, TAMS=top-at-mark-start, PB=parsable bottom
|   0|0x0000000740000000, 0x00000007401fffe8, 0x0000000740200000| 99%| O|  |TAMS 0x0000000740000000| PB 0x0000000740000000| Untracked |  0
|   1|0x0000000740200000, 0x0000000740400000, 0x0000000740400000|100%|HS|  |TAMS 0x0000000740200000| PB 0x0000000740200000| Complete |  0
|   2|0x0000000740400000, 0x0000000740600000, 0x0000000740600000|100%|HC|  |TAMS 0x0000000740400000| PB 0x0000000740400000| Complete |  0
|   3|0x0000000740600000, 0x0000000740800000, 0x0000000740800000|100%| O|  |TAMS 0x0000000740600000| PB 0x0000000740600000| Untracked |  0
|   4|0x0000000740800000, 0x00000007409ffff8, 0x0000000740a00000| 99%| O|  |TAMS 0x0000000740800000| PB 0x0000000740800000| Untracked |  0
|   5|0x0000000740a00000, 0x0000000740bfffe0, 0x0000000740c00000| 99%| O|  |TAMS 0x0000000740a00000| PB 0x0000000740a00000| Untracked |  0
|   6|0x0000000740c00000, 0x0000000740e00000, 0x0000000740e00000|100%| O|  |TAMS 0x0000000740c00000| PB 0x0000000740c00000| Untracked |  0
|   7|0x0000000740e00000, 0x0000000741000000, 0x0000000741000000|100%| O|  |TAMS 0x0000000740e00000| PB 0x0000000740e00000| Untracked |  0
|   8|0x0000000741000000, 0x0000000741200000, 0x0000000741200000|100%| O|  |TAMS 0x0000000741000000| PB 0x0000000741000000| Untracked |  0
|   9|0x0000000741200000, 0x00000007413ffff8, 0x0000000741400000| 99%| O|  |TAMS 0x0000000741200000| PB 0x0000000741200000| Untracked |  0
|  10|0x0000000741400000, 0x0000000741600000, 0x0000000741600000|100%|HS|  |TAMS 0x0000000741400000| PB 0x0000000741400000| Complete |  0
|  11|0x0000000741600000, 0x00000007417ffff0, 0x0000000741800000| 99%| O|  |TAMS 0x0000000741600000| PB 0x0000000741600000| Untracked |  0
|  12|0x0000000741800000, 0x00000007419fffe8, 0x0000000741a00000| 99%| O|  |TAMS 0x0000000741800000| PB 0x0000000741800000| Untracked |  0
|  13|0x0000000741a00000, 0x0000000741bffff8, 0x0000000741c00000| 99%| O|  |TAMS 0x0000000741a00000| PB 0x0000000741a00000| Untracked |  0
|  14|0x0000000741c00000, 0x0000000741dffff0, 0x0000000741e00000| 99%| O|  |TAMS 0x0000000741c00000| PB 0x0000000741c00000| Untracked |  0
|  15|0x0000000741e00000, 0x0000000741ffffe8, 0x0000000742000000| 99%| O|  |TAMS 0x0000000741e00000| PB 0x0000000741e00000| Untracked |  0
|  16|0x0000000742000000, 0x00000007421ffff0, 0x0000000742200000| 99%| O|  |TAMS 0x0000000742000000| PB 0x0000000742000000| Untracked |  0
|  17|0x0000000742200000, 0x00000007423ffff0, 0x0000000742400000| 99%| O|  |TAMS 0x0000000742200000| PB 0x0000000742200000| Untracked |  0
|  18|0x0000000742400000, 0x00000007425ffff8, 0x0000000742600000| 99%| O|  |TAMS 0x0000000742400000| PB 0x0000000742400000| Untracked |  0
|  19|0x0000000742600000, 0x00000007427ffff0, 0x0000000742800000| 99%| O|  |TAMS 0x0000000742600000| PB 0x0000000742600000| Untracked |  0
|  20|0x0000000742800000, 0x00000007429ffff8, 0x0000000742a00000| 99%| O|  |TAMS 0x0000000742800000| PB 0x0000000742800000| Untracked |  0
|  21|0x0000000742a00000, 0x0000000742bffff8, 0x0000000742c00000| 99%| O|  |TAMS 0x0000000742a00000| PB 0x0000000742a00000| Untracked |  0
|  22|0x0000000742c00000, 0x0000000742def190, 0x0000000742e00000| 96%| O|  |TAMS 0x0000000742c00000| PB 0x0000000742c00000| Untracked |  0
|  23|0x0000000742e00000, 0x0000000742fffff8, 0x0000000743000000| 99%| O|  |TAMS 0x0000000742e00000| PB 0x0000000742e00000| Untracked |  0
|  24|0x0000000743000000, 0x0000000743200000, 0x0000000743200000|100%| O|  |TAMS 0x0000000743000000| PB 0x0000000743000000| Untracked |  0
|  25|0x0000000743200000, 0x00000007433ffff0, 0x0000000743400000| 99%| O|  |TAMS 0x0000000743200000| PB 0x0000000743200000| Untracked |  0
|  26|0x0000000743400000, 0x00000007435ffff0, 0x0000000743600000| 99%| O|  |TAMS 0x0000000743400000| PB 0x0000000743400000| Untracked |  0
|  27|0x0000000743600000, 0x00000007437fffe0, 0x0000000743800000| 99%| O|  |TAMS 0x0000000743600000| PB 0x0000000743600000| Untracked |  0
|  28|0x0000000743800000, 0x0000000743a00000, 0x0000000743a00000|100%|HS|  |TAMS 0x0000000743800000| PB 0x0000000743800000| Complete |  0
|  29|0x0000000743a00000, 0x0000000743c00000, 0x0000000743c00000|100%|HS|  |TAMS 0x0000000743a00000| PB 0x0000000743a00000| Complete |  0
|  30|0x0000000743c00000, 0x0000000743dfffe8, 0x0000000743e00000| 99%| O|  |TAMS 0x0000000743c00000| PB 0x0000000743c00000| Untracked |  0
|  31|0x0000000743e00000, 0x0000000743f16a58, 0x0000000744000000| 54%| O|  |TAMS 0x0000000743e00000| PB 0x0000000743e00000| Untracked |  0
|  32|0x0000000744000000, 0x00000007441fffe0, 0x0000000744200000| 99%| O|  |TAMS 0x0000000744000000| PB 0x0000000744000000| Untracked |  0
|  33|0x0000000744200000, 0x00000007442cb600, 0x0000000744400000| 39%| O|  |TAMS 0x0000000744200000| PB 0x0000000744200000| Untracked |  0
|  34|0x0000000744400000, 0x00000007445fffb0, 0x0000000744600000| 99%| O|  |TAMS 0x0000000744400000| PB 0x0000000744400000| Untracked |  0
|  35|0x0000000744600000, 0x0000000744600000, 0x0000000744800000|  0%| F|  |TAMS 0x0000000744600000| PB 0x0000000744600000| Untracked |  0
|  36|0x0000000744800000, 0x0000000744a00000, 0x0000000744a00000|100%| O|  |TAMS 0x0000000744800000| PB 0x0000000744800000| Untracked |  0
|  37|0x0000000744a00000, 0x0000000744a00000, 0x0000000744c00000|  0%| F|  |TAMS 0x0000000744a00000| PB 0x0000000744a00000| Untracked |  0
|  38|0x0000000744c00000, 0x0000000744c901f0, 0x0000000744e00000| 28%| O|Cm|TAMS 0x0000000744c00000| PB 0x0000000744c00000| Complete |  0
|  39|0x0000000744e00000, 0x0000000744e00000, 0x0000000745000000|  0%| F|  |TAMS 0x0000000744e00000| PB 0x0000000744e00000| Untracked |  0
|  40|0x0000000745000000, 0x0000000745144790, 0x0000000745200000| 63%| O|  |TAMS 0x0000000745000000| PB 0x0000000745000000| Untracked |  0
|  41|0x0000000745200000, 0x0000000745200000, 0x0000000745400000|  0%| F|  |TAMS 0x0000000745200000| PB 0x0000000745200000| Untracked |  0
|  42|0x0000000745400000, 0x0000000745400000, 0x0000000745600000|  0%| F|  |TAMS 0x0000000745400000| PB 0x0000000745400000| Untracked |  0
|  43|0x0000000745600000, 0x0000000745628da0, 0x0000000745800000|  7%| S|CS|TAMS 0x0000000745600000| PB 0x0000000745600000| Complete |  0
|  44|0x0000000745800000, 0x0000000745a00000, 0x0000000745a00000|100%| S|CS|TAMS 0x0000000745800000| PB 0x0000000745800000| Complete |  0
|  45|0x0000000745a00000, 0x0000000745c00000, 0x0000000745c00000|100%| S|CS|TAMS 0x0000000745a00000| PB 0x0000000745a00000| Complete |  0
|  46|0x0000000745c00000, 0x0000000745c00000, 0x0000000745e00000|  0%| F|  |TAMS 0x0000000745c00000| PB 0x0000000745c00000| Untracked |  0
|  47|0x0000000745e00000, 0x0000000745e00000, 0x0000000746000000|  0%| F|  |TAMS 0x0000000745e00000| PB 0x0000000745e00000| Untracked |  0
|  48|0x0000000746000000, 0x0000000746000000, 0x0000000746200000|  0%| F|  |TAMS 0x0000000746000000| PB 0x0000000746000000| Untracked |  0
|  49|0x0000000746200000, 0x0000000746200000, 0x0000000746400000|  0%| F|  |TAMS 0x0000000746200000| PB 0x0000000746200000| Untracked |  0
|  50|0x0000000746400000, 0x0000000746400000, 0x0000000746600000|  0%| F|  |TAMS 0x0000000746400000| PB 0x0000000746400000| Untracked |  0
|  51|0x0000000746600000, 0x0000000746600000, 0x0000000746800000|  0%| F|  |TAMS 0x0000000746600000| PB 0x0000000746600000| Untracked |  0
|  52|0x0000000746800000, 0x0000000746800000, 0x0000000746a00000|  0%| F|  |TAMS 0x0000000746800000| PB 0x0000000746800000| Untracked |  0
|  53|0x0000000746a00000, 0x0000000746a00000, 0x0000000746c00000|  0%| F|  |TAMS 0x0000000746a00000| PB 0x0000000746a00000| Untracked |  0
|  54|0x0000000746c00000, 0x0000000746c00000, 0x0000000746e00000|  0%| F|  |TAMS 0x0000000746c00000| PB 0x0000000746c00000| Untracked |  0
|  55|0x0000000746e00000, 0x0000000746e00000, 0x0000000747000000|  0%| F|  |TAMS 0x0000000746e00000| PB 0x0000000746e00000| Untracked |  0
|  56|0x0000000747000000, 0x0000000747000000, 0x0000000747200000|  0%| F|  |TAMS 0x0000000747000000| PB 0x0000000747000000| Untracked |  0
|  57|0x0000000747200000, 0x0000000747200000, 0x0000000747400000|  0%| F|  |TAMS 0x0000000747200000| PB 0x0000000747200000| Untracked |  0
|  58|0x0000000747400000, 0x0000000747400000, 0x0000000747600000|  0%| F|  |TAMS 0x0000000747400000| PB 0x0000000747400000| Untracked |  0
|  59|0x0000000747600000, 0x0000000747600000, 0x0000000747800000|  0%| F|  |TAMS 0x0000000747600000| PB 0x0000000747600000| Untracked |  0
|  60|0x0000000747800000, 0x0000000747800000, 0x0000000747a00000|  0%| F|  |TAMS 0x0000000747800000| PB 0x0000000747800000| Untracked |  0
|  61|0x0000000747a00000, 0x0000000747a00000, 0x0000000747c00000|  0%| F|  |TAMS 0x0000000747a00000| PB 0x0000000747a00000| Untracked |  0
|  62|0x0000000747c00000, 0x0000000747c00000, 0x0000000747e00000|  0%| F|  |TAMS 0x0000000747c00000| PB 0x0000000747c00000| Untracked |  0
|  63|0x0000000747e00000, 0x0000000747e00000, 0x0000000748000000|  0%| F|  |TAMS 0x0000000747e00000| PB 0x0000000747e00000| Untracked |  0
|  64|0x0000000748000000, 0x0000000748000000, 0x0000000748200000|  0%| F|  |TAMS 0x0000000748000000| PB 0x0000000748000000| Untracked |  0
|  65|0x0000000748200000, 0x0000000748200000, 0x0000000748400000|  0%| F|  |TAMS 0x0000000748200000| PB 0x0000000748200000| Untracked |  0
|  66|0x0000000748400000, 0x0000000748400000, 0x0000000748600000|  0%| F|  |TAMS 0x0000000748400000| PB 0x0000000748400000| Untracked |  0
|  67|0x0000000748600000, 0x0000000748600000, 0x0000000748800000|  0%| F|  |TAMS 0x0000000748600000| PB 0x0000000748600000| Untracked |  0
|  68|0x0000000748800000, 0x0000000748800000, 0x0000000748a00000|  0%| F|  |TAMS 0x0000000748800000| PB 0x0000000748800000| Untracked |  0
|  69|0x0000000748a00000, 0x0000000748a00000, 0x0000000748c00000|  0%| F|  |TAMS 0x0000000748a00000| PB 0x0000000748a00000| Untracked |  0
|  70|0x0000000748c00000, 0x0000000748c00000, 0x0000000748e00000|  0%| F|  |TAMS 0x0000000748c00000| PB 0x0000000748c00000| Untracked |  0
|  71|0x0000000748e00000, 0x0000000748e00000, 0x0000000749000000|  0%| F|  |TAMS 0x0000000748e00000| PB 0x0000000748e00000| Untracked |  0
|  72|0x0000000749000000, 0x0000000749000000, 0x0000000749200000|  0%| F|  |TAMS 0x0000000749000000| PB 0x0000000749000000| Untracked |  0
|  73|0x0000000749200000, 0x0000000749200000, 0x0000000749400000|  0%| F|  |TAMS 0x0000000749200000| PB 0x0000000749200000| Untracked |  0
|  74|0x0000000749400000, 0x0000000749400000, 0x0000000749600000|  0%| F|  |TAMS 0x0000000749400000| PB 0x0000000749400000| Untracked |  0
|  75|0x0000000749600000, 0x0000000749600000, 0x0000000749800000|  0%| F|  |TAMS 0x0000000749600000| PB 0x0000000749600000| Untracked |  0
|  76|0x0000000749800000, 0x0000000749800000, 0x0000000749a00000|  0%| F|  |TAMS 0x0000000749800000| PB 0x0000000749800000| Untracked |  0
|  77|0x0000000749a00000, 0x0000000749a00000, 0x0000000749c00000|  0%| F|  |TAMS 0x0000000749a00000| PB 0x0000000749a00000| Untracked |  0
|  78|0x0000000749c00000, 0x0000000749c00000, 0x0000000749e00000|  0%| F|  |TAMS 0x0000000749c00000| PB 0x0000000749c00000| Untracked |  0
|  79|0x0000000749e00000, 0x0000000749e00000, 0x000000074a000000|  0%| F|  |TAMS 0x0000000749e00000| PB 0x0000000749e00000| Untracked |  0
|  80|0x000000074a000000, 0x000000074a000000, 0x000000074a200000|  0%| F|  |TAMS 0x000000074a000000| PB 0x000000074a000000| Untracked |  0
|  81|0x000000074a200000, 0x000000074a200000, 0x000000074a400000|  0%| F|  |TAMS 0x000000074a200000| PB 0x000000074a200000| Untracked |  0
|  82|0x000000074a400000, 0x000000074a4f3e10, 0x000000074a600000| 47%| E|  |TAMS 0x000000074a400000| PB 0x000000074a400000| Complete |  0
|  83|0x000000074a600000, 0x000000074a800000, 0x000000074a800000|100%| E|  |TAMS 0x000000074a600000| PB 0x000000074a600000| Complete |  0
|  84|0x000000074a800000, 0x000000074aa00000, 0x000000074aa00000|100%| E|CS|TAMS 0x000000074a800000| PB 0x000000074a800000| Complete |  0
|  85|0x000000074aa00000, 0x000000074ac00000, 0x000000074ac00000|100%| E|CS|TAMS 0x000000074aa00000| PB 0x000000074aa00000| Complete |  0
|  86|0x000000074ac00000, 0x000000074ae00000, 0x000000074ae00000|100%| E|CS|TAMS 0x000000074ac00000| PB 0x000000074ac00000| Complete |  0
|  87|0x000000074ae00000, 0x000000074b000000, 0x000000074b000000|100%| E|CS|TAMS 0x000000074ae00000| PB 0x000000074ae00000| Complete |  1
|  88|0x000000074b000000, 0x000000074b200000, 0x000000074b200000|100%| E|CS|TAMS 0x000000074b000000| PB 0x000000074b000000| Complete |  0
|1535|0x00000007ffe00000, 0x0000000800000000, 0x0000000800000000|100%| E|CS|TAMS 0x00000007ffe00000| PB 0x00000007ffe00000| Complete |  0

Card table byte_map: [0x0000021142a00000,0x0000021143000000] _byte_map_base: 0x000002113f000000

Marking Bits: (CMBitMap*) 0x000002112a951c90
 Bits: [0x0000021143000000, 0x0000021146000000)

Polling page: 0x0000021128830000

Metaspace:

Usage:
  Non-class:     87.68 MB used.
      Class:     11.28 MB used.
       Both:     98.96 MB used.

Virtual space:
  Non-class space:      128.00 MB reserved,      90.75 MB ( 71%) committed,  2 nodes.
      Class space:        1.00 GB reserved,      13.06 MB (  1%) committed,  1 nodes.
             Both:        1.12 GB reserved,     103.81 MB (  9%) committed. 

Chunk freelists:
   Non-Class:  7.32 MB
       Class:  3.99 MB
        Both:  11.31 MB

MaxMetaspaceSize: unlimited
CompressedClassSpaceSize: 1.00 GB
Initial GC threshold: 21.00 MB
Current GC threshold: 172.94 MB
CDS: on
 - commit_granule_bytes: 65536.
 - commit_granule_words: 8192.
 - virtual_space_node_default_size: 8388608.
 - enlarge_chunks_in_place: 1.
UseCompressedClassPointers 1, UseCompactObjectHeaders 0
Narrow klass pointer bits 32, Max shift 3
Narrow klass base: 0x0000021149000000, Narrow klass shift: 0
Encoding Range: [0x0000021149000000 - 0x0000021249000000), (4294967296 bytes)
Klass Range:    [0x0000021149000000 - 0x000002118a000000), (1090519040 bytes)
Klass ID Range:  [8 - 1090519033) (1090519025)


Internal statistics:

num_allocs_failed_limit: 6.
num_arena_births: 4908.
num_arena_deaths: 2868.
num_vsnodes_births: 3.
num_vsnodes_deaths: 0.
num_space_committed: 1661.
num_space_uncommitted: 0.
num_chunks_returned_to_freelist: 3222.
num_chunks_taken_from_freelist: 9782.
num_chunk_merges: 1179.
num_chunk_splits: 6149.
num_chunks_enlarged: 3944.
num_inconsistent_stats: 0.

CodeHeap 'non-profiled nmethods': size=120064Kb used=7122Kb max_used=8124Kb free=112941Kb
 bounds [0x000002113aec0000, 0x000002113b6d0000, 0x0000021142400000]
CodeHeap 'profiled nmethods': size=120000Kb used=21436Kb max_used=25281Kb free=98563Kb
 bounds [0x0000021133400000, 0x0000021134cc0000, 0x000002113a930000]
CodeHeap 'non-nmethods': size=5696Kb used=2757Kb max_used=2836Kb free=2938Kb
 bounds [0x000002113a930000, 0x000002113ac10000, 0x000002113aec0000]
CodeCache: size=245760Kb, used=31315Kb, max_used=36241Kb, free=214442Kb
 total_blobs=14035, nmethods=12992, adapters=946, full_count=0
Compilation: enabled, stopped_count=0, restarted_count=0

Compilation events (20 events):
Event: 5088.627 Thread 0x000002119044e930 18506       4       groovy.lang.MetaClassImpl$$Lambda/0x000002114a48ae58::apply (8 bytes)
Event: 5088.629 Thread 0x000002119044e930 nmethod 18506 0x000002113b213688 code [0x000002113b2137a0, 0x000002113b2138c0]
Event: 5088.668 Thread 0x0000021148493010 nmethod 18511 0x000002113af4e388 code [0x000002113af4e700, 0x000002113af50538]
Event: 5089.141 Thread 0x0000021148497f90 18518       3       java.nio.charset.CharsetDecoder::onMalformedInput (26 bytes)
Event: 5089.142 Thread 0x0000021148497f90 nmethod 18518 0x0000021133952e88 code [0x0000021133952fc0, 0x0000021133953300]
Event: 5089.142 Thread 0x0000021148497f90 18519       3       java.nio.charset.CharsetDecoder::implOnMalformedInput (1 bytes)
Event: 5089.142 Thread 0x0000021148497f90 nmethod 18519 0x00000211338b4608 code [0x00000211338b4720, 0x00000211338b4828]
Event: 5089.142 Thread 0x0000021148497f90 18520       3       java.nio.charset.CharsetDecoder::onUnmappableCharacter (26 bytes)
Event: 5089.142 Thread 0x0000021148497f90 nmethod 18520 0x0000021133a72908 code [0x0000021133a72a40, 0x0000021133a72d80]
Event: 5103.272 Thread 0x0000021148497f90 18521       3       org.gradle.internal.serialize.kryo.KryoBackedEncoder::writeInt (9 bytes)
Event: 5103.272 Thread 0x0000021148497f90 nmethod 18521 0x00000211338b9b88 code [0x00000211338b9ca0, 0x00000211338b9e00]
Event: 5106.663 Thread 0x0000021148497f90 18522       1       java.net.StandardSocketOptions$StdSocketOption::type (5 bytes)
Event: 5106.664 Thread 0x0000021148497f90 nmethod 18522 0x000002113b21bf08 code [0x000002113b21c000, 0x000002113b21c0c8]
Event: 5106.664 Thread 0x0000021148497f90 18523       3       java.util.concurrent.ThreadLocalRandom::nextSecondarySeed (74 bytes)
Event: 5106.665 Thread 0x0000021148497f90 nmethod 18523 0x0000021133c24e88 code [0x0000021133c24fc0, 0x0000021133c25268]
Event: 5142.368 Thread 0x0000021148493010 18524       4       org.gradle.internal.snapshot.AbstractIncompleteFileSystemNode::invalidate (65 bytes)
Event: 5142.374 Thread 0x0000021148493010 nmethod 18524 0x000002113b124888 code [0x000002113b1249e0, 0x000002113b124e00]
Event: 5142.521 Thread 0x0000021148497f90 18525       3       org.gradle.internal.logging.services.TextStreamOutputEventListener::onOutput (45 bytes)
Event: 5142.522 Thread 0x0000021148497f90 nmethod 18525 0x0000021133886208 code [0x0000021133886380, 0x0000021133886b10]
Event: 5142.794 Thread 0x0000021148493010 18526   !   4       org.apache.commons.io.output.ProxyOutputStream::write (32 bytes)

GC Heap History (20 events):
Event: 65.227 GC heap before
{Heap before GC invocations=33 (full 0):
 garbage-first heap   total reserved 3145728K, committed 159744K, used 144014K [0x0000000740000000, 0x0000000800000000)
  region size 2048K, 30 young (61440K), 2 survivors (4096K)
 Metaspace       used 91510K, committed 93952K, reserved 1179648K
  class space    used 10669K, committed 11776K, reserved 1048576K
}
Event: 65.241 GC heap after
{Heap after GC invocations=34 (full 0):
 garbage-first heap   total reserved 3145728K, committed 159744K, used 91113K [0x0000000740000000, 0x0000000800000000)
  region size 2048K, 4 young (8192K), 4 survivors (8192K)
 Metaspace       used 91510K, committed 93952K, reserved 1179648K
  class space    used 10669K, committed 11776K, reserved 1048576K
}
Event: 67.856 GC heap before
{Heap before GC invocations=34 (full 0):
 garbage-first heap   total reserved 3145728K, committed 159744K, used 140265K [0x0000000740000000, 0x0000000800000000)
  region size 2048K, 28 young (57344K), 4 survivors (8192K)
 Metaspace       used 92918K, committed 95360K, reserved 1179648K
  class space    used 10884K, committed 11968K, reserved 1048576K
}
Event: 67.892 GC heap after
{Heap after GC invocations=35 (full 0):
 garbage-first heap   total reserved 3145728K, committed 159744K, used 95241K [0x0000000740000000, 0x0000000800000000)
  region size 2048K, 3 young (6144K), 3 survivors (6144K)
 Metaspace       used 92918K, committed 95360K, reserved 1179648K
  class space    used 10884K, committed 11968K, reserved 1048576K
}
Event: 74.573 GC heap before
{Heap before GC invocations=35 (full 0):
 garbage-first heap   total reserved 3145728K, committed 159744K, used 142345K [0x0000000740000000, 0x0000000800000000)
  region size 2048K, 26 young (53248K), 3 survivors (6144K)
 Metaspace       used 94601K, committed 97088K, reserved 1179648K
  class space    used 11058K, committed 12224K, reserved 1048576K
}
Event: 74.595 GC heap after
{Heap after GC invocations=36 (full 0):
 garbage-first heap   total reserved 3145728K, committed 159744K, used 101485K [0x0000000740000000, 0x0000000800000000)
  region size 2048K, 3 young (6144K), 3 survivors (6144K)
 Metaspace       used 94601K, committed 97088K, reserved 1179648K
  class space    used 11058K, committed 12224K, reserved 1048576K
}
Event: 79.387 GC heap before
{Heap before GC invocations=37 (full 0):
 garbage-first heap   total reserved 3145728K, committed 172032K, used 140397K [0x0000000740000000, 0x0000000800000000)
  region size 2048K, 23 young (47104K), 3 survivors (6144K)
 Metaspace       used 96991K, committed 99456K, reserved 1179648K
  class space    used 11470K, committed 12608K, reserved 1048576K
}
Event: 79.404 GC heap after
{Heap after GC invocations=38 (full 0):
 garbage-first heap   total reserved 3145728K, committed 172032K, used 104341K [0x0000000740000000, 0x0000000800000000)
  region size 2048K, 2 young (4096K), 2 survivors (4096K)
 Metaspace       used 96991K, committed 99456K, reserved 1179648K
  class space    used 11470K, committed 12608K, reserved 1048576K
}
Event: 166.462 GC heap before
{Heap before GC invocations=38 (full 0):
 garbage-first heap   total reserved 3145728K, committed 172032K, used 153493K [0x0000000740000000, 0x0000000800000000)
  region size 2048K, 27 young (55296K), 2 survivors (4096K)
 Metaspace       used 101324K, committed 103808K, reserved 1179648K
  class space    used 12032K, committed 13184K, reserved 1048576K
}
Event: 166.479 GC heap after
{Heap after GC invocations=39 (full 0):
 garbage-first heap   total reserved 3145728K, committed 172032K, used 106828K [0x0000000740000000, 0x0000000800000000)
  region size 2048K, 3 young (6144K), 3 survivors (6144K)
 Metaspace       used 101324K, committed 103808K, reserved 1179648K
  class space    used 12032K, committed 13184K, reserved 1048576K
}
Event: 320.985 GC heap before
{Heap before GC invocations=39 (full 0):
 garbage-first heap   total reserved 3145728K, committed 172032K, used 153932K [0x0000000740000000, 0x0000000800000000)
  region size 2048K, 26 young (53248K), 3 survivors (6144K)
 Metaspace       used 102294K, committed 104704K, reserved 1179648K
  class space    used 12099K, committed 13184K, reserved 1048576K
}
Event: 321.001 GC heap after
{Heap after GC invocations=40 (full 0):
 garbage-first heap   total reserved 3145728K, committed 172032K, used 108769K [0x0000000740000000, 0x0000000800000000)
  region size 2048K, 3 young (6144K), 3 survivors (6144K)
 Metaspace       used 102294K, committed 104704K, reserved 1179648K
  class space    used 12099K, committed 13184K, reserved 1048576K
}
Event: 1508.426 GC heap before
{Heap before GC invocations=41 (full 0):
 garbage-first heap   total reserved 3145728K, committed 184320K, used 153825K [0x0000000740000000, 0x0000000800000000)
  region size 2048K, 25 young (51200K), 3 survivors (6144K)
 Metaspace       used 103416K, committed 105984K, reserved 1179648K
  class space    used 12213K, committed 13376K, reserved 1048576K
}
Event: 1508.496 GC heap after
{Heap after GC invocations=42 (full 0):
 garbage-first heap   total reserved 3145728K, committed 184320K, used 109201K [0x0000000740000000, 0x0000000800000000)
  region size 2048K, 2 young (4096K), 2 survivors (4096K)
 Metaspace       used 103416K, committed 105984K, reserved 1179648K
  class space    used 12213K, committed 13376K, reserved 1048576K
}
Event: 3473.324 GC heap before
{Heap before GC invocations=42 (full 0):
 garbage-first heap   total reserved 3145728K, committed 184320K, used 164497K [0x0000000740000000, 0x0000000800000000)
  region size 2048K, 30 young (61440K), 2 survivors (4096K)
 Metaspace       used 103689K, committed 106240K, reserved 1179648K
  class space    used 12214K, committed 13376K, reserved 1048576K
}
Event: 3473.456 GC heap after
{Heap after GC invocations=43 (full 0):
 garbage-first heap   total reserved 3145728K, committed 184320K, used 107205K [0x0000000740000000, 0x0000000800000000)
  region size 2048K, 1 young (2048K), 1 survivors (2048K)
 Metaspace       used 103689K, committed 106240K, reserved 1179648K
  class space    used 12214K, committed 13376K, reserved 1048576K
}
Event: 3921.609 GC heap before
{Heap before GC invocations=43 (full 0):
 garbage-first heap   total reserved 3145728K, committed 184320K, used 115397K [0x0000000740000000, 0x0000000800000000)
  region size 2048K, 6 young (12288K), 1 survivors (2048K)
 Metaspace       used 103708K, committed 106240K, reserved 1179648K
  class space    used 12214K, committed 13376K, reserved 1048576K
}
Event: 3922.035 GC heap after
{Heap after GC invocations=44 (full 1):
 garbage-first heap   total reserved 3145728K, committed 184320K, used 73366K [0x0000000740000000, 0x0000000800000000)
  region size 2048K, 0 young (0K), 0 survivors (0K)
 Metaspace       used 100353K, committed 106240K, reserved 1179648K
  class space    used 11397K, committed 13376K, reserved 1048576K
}
Event: 5087.787 GC heap before
{Heap before GC invocations=44 (full 1):
 garbage-first heap   total reserved 3145728K, committed 184320K, used 163478K [0x0000000740000000, 0x0000000800000000)
  region size 2048K, 44 young (90112K), 0 survivors (0K)
 Metaspace       used 101295K, committed 106304K, reserved 1179648K
  class space    used 11558K, committed 13376K, reserved 1048576K
}
Event: 5087.810 GC heap after
{Heap after GC invocations=45 (full 1):
 garbage-first heap   total reserved 3145728K, committed 184320K, used 77625K [0x0000000740000000, 0x0000000800000000)
  region size 2048K, 3 young (6144K), 3 survivors (6144K)
 Metaspace       used 101295K, committed 106304K, reserved 1179648K
  class space    used 11558K, committed 13376K, reserved 1048576K
}

Dll operation events (16 events):
Event: 0.020 Loaded shared library C:\Users\Administrator\.jdks\corretto-24.0.2\bin\java.dll
Event: 0.097 Loaded shared library C:\Users\Administrator\.jdks\corretto-24.0.2\bin\jsvml.dll
Event: 0.184 Loaded shared library C:\Users\Administrator\.jdks\corretto-24.0.2\bin\zip.dll
Event: 0.192 Loaded shared library C:\Users\Administrator\.jdks\corretto-24.0.2\bin\instrument.dll
Event: 0.202 Loaded shared library C:\Users\Administrator\.jdks\corretto-24.0.2\bin\net.dll
Event: 0.214 Loaded shared library C:\Users\Administrator\.jdks\corretto-24.0.2\bin\nio.dll
Event: 0.221 Loaded shared library C:\Users\Administrator\.jdks\corretto-24.0.2\bin\zip.dll
Event: 0.957 Loaded shared library C:\Users\Administrator\.jdks\corretto-24.0.2\bin\jimage.dll
Event: 1.858 Loaded shared library C:\Users\Administrator\.jdks\corretto-24.0.2\bin\verify.dll
Event: 2.822 Loaded shared library C:\Users\Administrator\.gradle\native\1def1411415f61bf3af743bc5b6707747c0891f09f0c88961ee8f79bc544acac\windows-amd64\native-platform.dll
Event: 2.840 Loaded shared library C:\Users\Administrator\.gradle\native\0.2.7\x86_64-windows-gnu\gradle-fileevents.dll
Event: 6.886 Loaded shared library C:\Users\Administrator\.jdks\corretto-24.0.2\bin\management.dll
Event: 6.893 Loaded shared library C:\Users\Administrator\.jdks\corretto-24.0.2\bin\management_ext.dll
Event: 7.457 Loaded shared library C:\Users\Administrator\.jdks\corretto-24.0.2\bin\extnet.dll
Event: 8.687 Loaded shared library C:\Users\Administrator\.jdks\corretto-24.0.2\bin\sunmscapi.dll
Event: 84.231 Loaded shared library C:\Users\Administrator\.jdks\corretto-24.0.2\bin\rmi.dll

Deoptimization events (20 events):
Event: 5087.954 Thread 0x00000211486be300 Uncommon trap: trap_request=0xffffffbe fr.pc=0x000002113b62f818 relative=0x0000000000000338
Event: 5087.954 Thread 0x00000211486be300 Uncommon trap: reason=profile_predicate action=maybe_recompile pc=0x000002113b62f818 method=java.util.Collections.indexedBinarySearch(Ljava/util/List;Ljava/lang/Object;)I @ 13 c2
Event: 5087.954 Thread 0x00000211486be300 DEOPT PACKING pc=0x000002113b62f818 sp=0x000000eb6f6fe650
Event: 5087.954 Thread 0x00000211486be300 DEOPT UNPACKING pc=0x000002113aa47702 sp=0x000000eb6f6fe5d0 mode 2
Event: 5087.954 Thread 0x00000211486be300 Uncommon trap: trap_request=0xffffffde fr.pc=0x000002113b6262a8 relative=0x0000000000000548
Event: 5087.954 Thread 0x00000211486be300 Uncommon trap: reason=class_check action=maybe_recompile pc=0x000002113b6262a8 method=java.io.BufferedOutputStream.write([BII)V @ 19 c2
Event: 5087.954 Thread 0x00000211486be300 DEOPT PACKING pc=0x000002113b6262a8 sp=0x000000eb6f6fe2f0
Event: 5087.955 Thread 0x00000211486be300 DEOPT UNPACKING pc=0x000002113aa47702 sp=0x000000eb6f6fe288 mode 2
Event: 5088.228 Thread 0x00000211911c4430 Uncommon trap: trap_request=0xffffffc6 fr.pc=0x000002113af5326c relative=0x000000000000022c
Event: 5088.228 Thread 0x00000211911c4430 Uncommon trap: reason=bimorphic_or_optimized_type_check action=maybe_recompile pc=0x000002113af5326c method=com.google.common.collect.AbstractMultimap.keySet()Ljava/util/Set; @ 11 c2
Event: 5088.228 Thread 0x00000211911c4430 DEOPT PACKING pc=0x000002113af5326c sp=0x000000eb6f3faea0
Event: 5088.228 Thread 0x00000211911c4430 DEOPT UNPACKING pc=0x000002113aa47702 sp=0x000000eb6f3fae40 mode 2
Event: 5088.228 Thread 0x00000211911c4430 Uncommon trap: trap_request=0xffffffde fr.pc=0x000002113afecf58 relative=0x0000000000000318
Event: 5088.228 Thread 0x00000211911c4430 Uncommon trap: reason=class_check action=maybe_recompile pc=0x000002113afecf58 method=com.google.common.collect.AbstractMapBasedMultimap$KeySet.iterator()Ljava/util/Iterator; @ 4 c2
Event: 5088.228 Thread 0x00000211911c4430 DEOPT PACKING pc=0x000002113afecf58 sp=0x000000eb6f3fae30
Event: 5088.228 Thread 0x00000211911c4430 DEOPT UNPACKING pc=0x000002113aa47702 sp=0x000000eb6f3fadd0 mode 2
Event: 5088.228 Thread 0x00000211911c4430 Uncommon trap: trap_request=0xffffffde fr.pc=0x000002113b151468 relative=0x0000000000000068
Event: 5088.228 Thread 0x00000211911c4430 Uncommon trap: reason=class_check action=maybe_recompile pc=0x000002113b151468 method=com.google.common.collect.AbstractMapBasedMultimap$KeySet$1.hasNext()Z @ 4 c2
Event: 5088.228 Thread 0x00000211911c4430 DEOPT PACKING pc=0x000002113b151468 sp=0x000000eb6f3fae50
Event: 5088.228 Thread 0x00000211911c4430 DEOPT UNPACKING pc=0x000002113aa47702 sp=0x000000eb6f3fadd8 mode 2

Classes loaded (20 events):
Event: 320.482 Loading class java/nio/file/attribute/FileTime$1
Event: 320.482 Loading class java/nio/file/attribute/FileTime$1 done
Event: 320.491 Loading class java/net/URLEncoder
Event: 320.491 Loading class java/net/URLEncoder done
Event: 320.491 Loading class jdk/internal/util/ImmutableBitSetPredicate
Event: 320.492 Loading class jdk/internal/util/ImmutableBitSetPredicate done
Event: 320.492 Loading class jdk/internal/util/ImmutableBitSetPredicate$SmallImmutableBitSetPredicate
Event: 320.492 Loading class jdk/internal/util/ImmutableBitSetPredicate$SmallImmutableBitSetPredicate done
Event: 321.445 Loading class java/nio/file/Files$2
Event: 321.446 Loading class java/nio/file/Files$2 done
Event: 321.454 Loading class java/util/stream/SortedOps$RefSortingSink
Event: 321.454 Loading class java/util/stream/SortedOps$RefSortingSink done
Event: 321.742 Loading class java/util/CollectionsBeanInfo
Event: 321.742 Loading class java/util/CollectionsBeanInfo done
Event: 321.742 Loading class java/util/CollectionsBeanInfo
Event: 321.742 Loading class java/util/CollectionsBeanInfo done
Event: 321.742 Loading class java/util/CollectionsCustomizer
Event: 321.742 Loading class java/util/CollectionsCustomizer done
Event: 321.743 Loading class java/util/CollectionsCustomizer
Event: 321.743 Loading class java/util/CollectionsCustomizer done

Classes unloaded (20 events):
Event: 3921.876 Thread 0x0000021148346710 Unloading class 0x000002114a03cc00 'java/lang/invoke/LambdaForm$MH+0x000002114a03cc00'
Event: 3921.876 Thread 0x0000021148346710 Unloading class 0x000002114a03c000 'java/lang/invoke/LambdaForm$MH+0x000002114a03c000'
Event: 3921.876 Thread 0x0000021148346710 Unloading class 0x000002114a034000 'java/lang/invoke/LambdaForm$DMH+0x000002114a034000'
Event: 3921.876 Thread 0x0000021148346710 Unloading class 0x000002114a029000 'java/lang/invoke/LambdaForm$MH+0x000002114a029000'
Event: 3921.876 Thread 0x0000021148346710 Unloading class 0x000002114a028800 'java/lang/invoke/LambdaForm$MH+0x000002114a028800'
Event: 3921.876 Thread 0x0000021148346710 Unloading class 0x000002114a028400 'java/lang/invoke/LambdaForm$MH+0x000002114a028400'
Event: 3921.876 Thread 0x0000021148346710 Unloading class 0x000002114a028000 'java/lang/invoke/LambdaForm$MH+0x000002114a028000'
Event: 3921.876 Thread 0x0000021148346710 Unloading class 0x000002114a020400 'java/lang/invoke/LambdaForm$MH+0x000002114a020400'
Event: 3921.876 Thread 0x0000021148346710 Unloading class 0x000002114a002400 'java/lang/invoke/LambdaForm$MH+0x000002114a002400'
Event: 3921.876 Thread 0x0000021148346710 Unloading class 0x000002114a002000 'java/lang/invoke/LambdaForm$MH+0x000002114a002000'
Event: 3921.876 Thread 0x0000021148346710 Unloading class 0x000002114a001c00 'java/lang/invoke/LambdaForm$MH+0x000002114a001c00'
Event: 3921.876 Thread 0x0000021148346710 Unloading class 0x000002114a001400 'java/lang/invoke/LambdaForm$MH+0x000002114a001400'
Event: 5088.083 Thread 0x0000021148346710 Unloading class 0x000002114ad25000 'java_util_Collections$emptyList'
Event: 5088.083 Thread 0x0000021148346710 Unloading class 0x000002114ab55800 'java_util_regex_Pattern$compile'
Event: 5088.083 Thread 0x0000021148346710 Unloading class 0x000002114ad2d000 'com/intellij/gradle/toolingExtension/impl/initScript/util/GradleJvmForkedDebuggerHelper$signalizeFinish$1'
Event: 5088.083 Thread 0x0000021148346710 Unloading class 0x000002114ad24800 'com/intellij/gradle/toolingExtension/impl/initScript/util/GradleJvmForkedDebuggerHelper$setupDebugger$0'
Event: 5088.083 Thread 0x0000021148346710 Unloading class 0x000002114a8d8800 'com/intellij/gradle/toolingExtension/impl/initScript/util/GradleJvmForkedDebuggerHelper$getTasksToDebug'
Event: 5088.083 Thread 0x0000021148346710 Unloading class 0x000002114a538c00 'java/lang/invoke/LambdaForm$MH+0x000002114a538c00'
Event: 5088.083 Thread 0x0000021148346710 Unloading class 0x000002114a4b5000 'java/lang/invoke/LambdaForm$MH+0x000002114a4b5000'
Event: 5088.083 Thread 0x0000021148346710 Unloading class 0x000002114a4b4c00 'java/lang/invoke/LambdaForm$MH+0x000002114a4b4c00'

Classes redefined (0 events):
No events

Internal exceptions (20 events):
Event: 4727.685 Thread 0x0000021197287210 Exception <a 'java/lang/NoSuchMethodError'{0x000000074760abf0}: static Lorg/gradle/tooling/internal/provider/serialization/WellKnownClassLoaderRegistry$KnownClassLoaderSpec;.<clinit>()V> (0x000000074760abf0) 
thrown [s\src\hotspot\share\prims\jni.cpp, line 1108]
Event: 4727.685 Thread 0x0000021197287210 Exception <a 'java/lang/NoSuchMethodError'{0x000000074760c358}: static Lorg/gradle/internal/classloader/ClassLoaderSpec;.<clinit>()V> (0x000000074760c358) 
thrown [s\src\hotspot\share\prims\jni.cpp, line 1108]
Event: 4727.686 Thread 0x0000021197287210 Exception <a 'java/lang/NoSuchMethodError'{0x00000007476192d8}: static Lorg/gradle/internal/classloader/ClassLoaderSpec;.<clinit>()V> (0x00000007476192d8) 
thrown [s\src\hotspot\share\prims\jni.cpp, line 1108]
Event: 4727.686 Thread 0x0000021197287210 Exception <a 'java/lang/NoSuchMethodError'{0x0000000747622838}: static Lorg/gradle/internal/classloader/VisitableURLClassLoader$Spec;.<clinit>()V> (0x0000000747622838) 
thrown [s\src\hotspot\share\prims\jni.cpp, line 1108]
Event: 4727.689 Thread 0x0000021197287210 Exception <a 'java/lang/NoSuchMethodError'{0x000000074763f918}: static [Ljava/net/URL;.<clinit>()V> (0x000000074763f918) 
thrown [s\src\hotspot\share\prims\jni.cpp, line 1108]
Event: 4727.697 Thread 0x0000021197287210 Exception <a 'java/lang/NoSuchMethodError'{0x0000000747653138}: static Lorg/gradle/internal/classloader/FilteringClassLoader$Spec;.<clinit>()V> (0x0000000747653138) 
thrown [s\src\hotspot\share\prims\jni.cpp, line 1108]
Event: 4727.705 Thread 0x0000021197287210 Exception <a 'java/lang/NoSuchMethodError'{0x000000074765ee98}: static Lorg/gradle/internal/classloader/CachingClassLoader$Spec;.<clinit>()V> (0x000000074765ee98) 
thrown [s\src\hotspot\share\prims\jni.cpp, line 1108]
Event: 4727.844 Thread 0x0000021190cc4750 Exception <a 'sun/nio/fs/WindowsException'{0x0000000747743460}> (0x0000000747743460) 
thrown [s\src\hotspot\share\prims\jni.cpp, line 518]
Event: 4727.845 Thread 0x0000021190cc4750 Exception <a 'sun/nio/fs/WindowsException'{0x0000000747749060}> (0x0000000747749060) 
thrown [s\src\hotspot\share\prims\jni.cpp, line 518]
Event: 4727.846 Thread 0x0000021190cc4750 Exception <a 'sun/nio/fs/WindowsException'{0x000000074774e5d0}> (0x000000074774e5d0) 
thrown [s\src\hotspot\share\prims\jni.cpp, line 518]
Event: 4727.846 Thread 0x0000021190cc4750 Exception <a 'sun/nio/fs/WindowsException'{0x0000000747751788}> (0x0000000747751788) 
thrown [s\src\hotspot\share\prims\jni.cpp, line 518]
Event: 5076.083 Thread 0x0000021190cc4750 Exception <a 'sun/nio/fs/WindowsException'{0x0000000746db9c98}> (0x0000000746db9c98) 
thrown [s\src\hotspot\share\prims\jni.cpp, line 518]
Event: 5076.253 Thread 0x00000211911c8600 Exception <a 'sun/nio/fs/WindowsException'{0x00000007464c37b8}> (0x00000007464c37b8) 
thrown [s\src\hotspot\share\prims\jni.cpp, line 518]
Event: 5076.336 Thread 0x00000211911c7eb0 Exception <a 'sun/nio/fs/WindowsException'{0x00000007465631a0}> (0x00000007465631a0) 
thrown [s\src\hotspot\share\prims\jni.cpp, line 518]
Event: 5076.353 Thread 0x00000211911c7eb0 Exception <a 'sun/nio/fs/WindowsException'{0x000000074656f810}> (0x000000074656f810) 
thrown [s\src\hotspot\share\prims\jni.cpp, line 518]
Event: 5076.592 Thread 0x00000211486bf1a0 Exception <a 'java/lang/InterruptedException'{0x000000074615de40}> (0x000000074615de40) 
thrown [s\src\hotspot\share\runtime\objectMonitor.cpp, line 1871]
Event: 5087.963 Thread 0x00000211911c4430 Exception <a 'sun/nio/fs/WindowsException'{0x000000074b0ea1e0}> (0x000000074b0ea1e0) 
thrown [s\src\hotspot\share\prims\jni.cpp, line 518]
Event: 5087.965 Thread 0x00000211911c4430 Exception <a 'sun/nio/fs/WindowsException'{0x000000074b0ec048}> (0x000000074b0ec048) 
thrown [s\src\hotspot\share\prims\jni.cpp, line 518]
Event: 5087.965 Thread 0x00000211911c4430 Exception <a 'sun/nio/fs/WindowsException'{0x000000074b0eddf0}> (0x000000074b0eddf0) 
thrown [s\src\hotspot\share\prims\jni.cpp, line 518]
Event: 5087.966 Thread 0x00000211911c4430 Exception <a 'sun/nio/fs/WindowsException'{0x000000074b0ef8c0}> (0x000000074b0ef8c0) 
thrown [s\src\hotspot\share\prims\jni.cpp, line 518]

VM Operations (20 events):
Event: 4934.348 Executing VM operation: RendezvousGCThreads
Event: 4934.348 Executing VM operation: RendezvousGCThreads done
Event: 4994.515 Executing VM operation: HandshakeAllThreads (HandshakeForDeflation)
Event: 4994.515 Executing VM operation: HandshakeAllThreads (HandshakeForDeflation) done
Event: 4994.515 Executing VM operation: RendezvousGCThreads
Event: 4994.515 Executing VM operation: RendezvousGCThreads done
Event: 5054.618 Executing VM operation: HandshakeAllThreads (HandshakeForDeflation)
Event: 5054.618 Executing VM operation: HandshakeAllThreads (HandshakeForDeflation) done
Event: 5054.618 Executing VM operation: RendezvousGCThreads
Event: 5054.618 Executing VM operation: RendezvousGCThreads done
Event: 5087.787 Executing VM operation: G1CollectForAllocation (G1 Evacuation Pause)
Event: 5087.810 Executing VM operation: G1CollectForAllocation (G1 Evacuation Pause) done
Event: 5088.081 Executing VM operation: G1PauseRemark
Event: 5088.104 Executing VM operation: G1PauseRemark done
Event: 5088.175 Executing VM operation: G1PauseCleanup
Event: 5088.176 Executing VM operation: G1PauseCleanup done
Event: 5116.635 Executing VM operation: HandshakeAllThreads (HandshakeForDeflation)
Event: 5116.636 Executing VM operation: HandshakeAllThreads (HandshakeForDeflation) done
Event: 5116.636 Executing VM operation: RendezvousGCThreads
Event: 5116.636 Executing VM operation: RendezvousGCThreads done

Memory protections (0 events):
No events

Nmethod flushes (20 events):
Event: 5088.103 Thread 0x0000021148346710 flushing  nmethod 0x00000211342ddd88
Event: 5088.103 Thread 0x0000021148346710 flushing  nmethod 0x000002113434da08
Event: 5088.103 Thread 0x0000021148346710 flushing  nmethod 0x000002113434dd08
Event: 5088.103 Thread 0x0000021148346710 flushing  nmethod 0x00000211343a9f88
Event: 5088.103 Thread 0x0000021148346710 flushing  nmethod 0x00000211345bb688
Event: 5088.103 Thread 0x0000021148346710 flushing  nmethod 0x00000211345bd588
Event: 5088.103 Thread 0x0000021148346710 flushing  nmethod 0x0000021134623e88
Event: 5088.103 Thread 0x0000021148346710 flushing  nmethod 0x000002113484bc88
Event: 5088.103 Thread 0x0000021148346710 flushing  nmethod 0x0000021134897488
Event: 5088.103 Thread 0x0000021148346710 flushing  nmethod 0x0000021134994d88
Event: 5088.103 Thread 0x0000021148346710 flushing  nmethod 0x0000021134a01988
Event: 5088.103 Thread 0x0000021148346710 flushing  nmethod 0x0000021134a04c08
Event: 5088.103 Thread 0x0000021148346710 flushing  nmethod 0x0000021134a05f08
Event: 5088.103 Thread 0x0000021148346710 flushing  nmethod 0x0000021134a07388
Event: 5088.103 Thread 0x0000021148346710 flushing  nmethod 0x0000021134a09008
Event: 5088.103 Thread 0x0000021148346710 flushing  nmethod 0x0000021134a09d08
Event: 5088.103 Thread 0x0000021148346710 flushing  nmethod 0x0000021134b38e08
Event: 5088.103 Thread 0x0000021148346710 flushing  nmethod 0x0000021134b4fc88
Event: 5088.103 Thread 0x0000021148346710 flushing  nmethod 0x0000021134b54308
Event: 5088.103 Thread 0x0000021148346710 flushing  nmethod 0x0000021134c75d08

Events (20 events):
Event: 5076.137 Thread 0x0000021190cc4750 Thread added: 0x00000211911c7760
Event: 5076.138 Thread 0x0000021190cc4750 Thread added: 0x00000211911c68c0
Event: 5076.139 Thread 0x0000021190cc4750 Thread added: 0x00000211911c9bf0
Event: 5076.141 Thread 0x00000211911c5a20 Thread exited: 0x00000211911c5a20
Event: 5076.227 Thread 0x0000021190cc4750 Thread added: 0x00000211911c5a20
Event: 5076.228 Thread 0x00000211911c5a20 Thread added: 0x00000211911c4430
Event: 5076.228 Thread 0x00000211911c5a20 Thread added: 0x00000211911c7eb0
Event: 5076.228 Thread 0x00000211911c5a20 Thread added: 0x00000211911c8600
Event: 5076.229 Thread 0x00000211911c5a20 Thread added: 0x00000211486be300
Event: 5076.328 Thread 0x0000021148497f90 Thread added: 0x000002119044e930
Event: 5076.561 Thread 0x000002119044e930 Thread exited: 0x000002119044e930
Event: 5076.578 Thread 0x00000211911c7eb0 Thread added: 0x00000211486b8b40
Event: 5076.588 Thread 0x00000211486b8b40 Thread added: 0x00000211486bf1a0
Event: 5087.822 Thread 0x00000211486bf1a0 Thread exited: 0x00000211486bf1a0
Event: 5087.870 Thread 0x00000211486bdbb0 Thread exited: 0x00000211486bdbb0
Event: 5088.277 Thread 0x0000021148493010 Thread added: 0x000002119044e930
Event: 5088.309 Thread 0x00000211911c5a20 Thread added: 0x00000211486b9290
Event: 5088.319 Thread 0x00000211486b9290 Thread added: 0x00000211486bf1a0
Event: 5088.319 Thread 0x00000211486b9290 Thread added: 0x00000211486bdbb0
Event: 5089.148 Thread 0x000002119044e930 Thread exited: 0x000002119044e930


Dynamic libraries:
0x00007ff642100000 - 0x00007ff64210e000 	C:\Users\Administrator\.jdks\corretto-24.0.2\bin\java.exe
0x00007ff9c3d70000 - 0x00007ff9c3f68000 	C:\Windows\SYSTEM32\ntdll.dll
0x00007ff9c3610000 - 0x00007ff9c36cd000 	C:\Windows\System32\KERNEL32.DLL
0x00007ff9c1660000 - 0x00007ff9c192e000 	C:\Windows\System32\KERNELBASE.dll
0x00007ff9c1ac0000 - 0x00007ff9c1bc0000 	C:\Windows\System32\ucrtbase.dll
0x00007ff9adaf0000 - 0x00007ff9adb0e000 	C:\Users\Administrator\.jdks\corretto-24.0.2\bin\VCRUNTIME140.dll
0x00007ff9a8dc0000 - 0x00007ff9a8dd7000 	C:\Users\Administrator\.jdks\corretto-24.0.2\bin\jli.dll
0x00007ff9c36d0000 - 0x00007ff9c3870000 	C:\Windows\System32\USER32.dll
0x00007ff9aa140000 - 0x00007ff9aa3da000 	C:\Windows\WinSxS\amd64_microsoft.windows.common-controls_6595b64144ccf1df_6.0.19041.1110_none_60b5254171f9507e\COMCTL32.dll
0x00007ff9c1490000 - 0x00007ff9c14b2000 	C:\Windows\System32\win32u.dll
0x00007ff9c39d0000 - 0x00007ff9c39fa000 	C:\Windows\System32\GDI32.dll
0x00007ff9c2610000 - 0x00007ff9c26ae000 	C:\Windows\System32\msvcrt.dll
0x00007ff9c14c0000 - 0x00007ff9c15cb000 	C:\Windows\System32\gdi32full.dll
0x00007ff9c1ce0000 - 0x00007ff9c1d7d000 	C:\Windows\System32\msvcp_win.dll
0x00007ff9c3870000 - 0x00007ff9c38a0000 	C:\Windows\System32\IMM32.DLL
0x00007ff9b8ea0000 - 0x00007ff9b8eac000 	C:\Users\Administrator\.jdks\corretto-24.0.2\bin\vcruntime140_1.dll
0x00007ff9a88a0000 - 0x00007ff9a8929000 	C:\Users\Administrator\.jdks\corretto-24.0.2\bin\msvcp140.dll
0x00007ff995f00000 - 0x00007ff996d75000 	C:\Users\Administrator\.jdks\corretto-24.0.2\bin\server\jvm.dll
0x00007ff9c3bb0000 - 0x00007ff9c3c5e000 	C:\Windows\System32\ADVAPI32.dll
0x00007ff9c3a00000 - 0x00007ff9c3a9c000 	C:\Windows\System32\sechost.dll
0x00007ff9c38a0000 - 0x00007ff9c39c5000 	C:\Windows\System32\RPCRT4.dll
0x00007ff9c3c60000 - 0x00007ff9c3ccb000 	C:\Windows\System32\WS2_32.dll
0x00007ff9aa510000 - 0x00007ff9aa537000 	C:\Windows\SYSTEM32\WINMM.dll
0x00007ff9b92b0000 - 0x00007ff9b92ba000 	C:\Windows\SYSTEM32\VERSION.dll
0x00007ff9c1300000 - 0x00007ff9c134b000 	C:\Windows\SYSTEM32\POWRPROF.dll
0x00007ff9c12e0000 - 0x00007ff9c12f2000 	C:\Windows\SYSTEM32\UMPDC.dll
0x00007ff9bf3b0000 - 0x00007ff9bf3c2000 	C:\Windows\SYSTEM32\kernel.appcore.dll
0x00007ff9ae730000 - 0x00007ff9ae73a000 	C:\Users\Administrator\.jdks\corretto-24.0.2\bin\jimage.dll
0x00007ff9ab560000 - 0x00007ff9ab744000 	C:\Windows\SYSTEM32\DBGHELP.DLL
0x00007ff9aac30000 - 0x00007ff9aac5c000 	C:\Windows\SYSTEM32\dbgcore.DLL
0x00007ff9c15d0000 - 0x00007ff9c1652000 	C:\Windows\System32\bcryptPrimitives.dll
0x00007ff9adb40000 - 0x00007ff9adb50000 	C:\Users\Administrator\.jdks\corretto-24.0.2\bin\instrument.dll
0x00007ff9a8d10000 - 0x00007ff9a8d2f000 	C:\Users\Administrator\.jdks\corretto-24.0.2\bin\java.dll
0x00007ff9c1dd0000 - 0x00007ff9c1efa000 	C:\Windows\System32\ole32.dll
0x00007ff9c27f0000 - 0x00007ff9c2b44000 	C:\Windows\System32\combase.dll
0x00007ff9c2ec0000 - 0x00007ff9c3604000 	C:\Windows\System32\SHELL32.dll
0x00007ff9bf5b0000 - 0x00007ff9bfd44000 	C:\Windows\SYSTEM32\windows.storage.dll
0x00007ff9c0e20000 - 0x00007ff9c0e50000 	C:\Windows\SYSTEM32\Wldp.dll
0x00007ff9c3aa0000 - 0x00007ff9c3b4d000 	C:\Windows\System32\SHCORE.dll
0x00007ff9c2040000 - 0x00007ff9c2095000 	C:\Windows\System32\shlwapi.dll
0x00007ff9c13d0000 - 0x00007ff9c13ef000 	C:\Windows\SYSTEM32\profapi.dll
0x00007ff99bbd0000 - 0x00007ff99bca7000 	C:\Users\Administrator\.jdks\corretto-24.0.2\bin\jsvml.dll
0x00007ff9a8c10000 - 0x00007ff9a8c27000 	C:\Users\Administrator\.jdks\corretto-24.0.2\bin\zip.dll
0x00007ff9a8a00000 - 0x00007ff9a8a11000 	C:\Users\Administrator\.jdks\corretto-24.0.2\bin\net.dll
0x00007ff9c0b80000 - 0x00007ff9c0bea000 	C:\Windows\system32\mswsock.dll
0x00007ff9a89a0000 - 0x00007ff9a89b6000 	C:\Users\Administrator\.jdks\corretto-24.0.2\bin\nio.dll
0x00007ff9adae0000 - 0x00007ff9adaf0000 	C:\Users\Administrator\.jdks\corretto-24.0.2\bin\verify.dll
0x00007ff9a8930000 - 0x00007ff9a8957000 	C:\Users\Administrator\.gradle\native\1def1411415f61bf3af743bc5b6707747c0891f09f0c88961ee8f79bc544acac\windows-amd64\native-platform.dll
0x00007ff99c300000 - 0x00007ff99c378000 	C:\Users\Administrator\.gradle\native\0.2.7\x86_64-windows-gnu\gradle-fileevents.dll
0x00007ff9ada30000 - 0x00007ff9ada3a000 	C:\Users\Administrator\.jdks\corretto-24.0.2\bin\management.dll
0x00007ff9a8fa0000 - 0x00007ff9a8fac000 	C:\Users\Administrator\.jdks\corretto-24.0.2\bin\management_ext.dll
0x00007ff9c27e0000 - 0x00007ff9c27e8000 	C:\Windows\System32\PSAPI.DLL
0x00007ff9c0870000 - 0x00007ff9c08ab000 	C:\Windows\SYSTEM32\IPHLPAPI.DLL
0x00007ff9c2530000 - 0x00007ff9c2538000 	C:\Windows\System32\NSI.dll
0x00007ff9a8ce0000 - 0x00007ff9a8ce9000 	C:\Users\Administrator\.jdks\corretto-24.0.2\bin\extnet.dll
0x00007ff9c0d70000 - 0x00007ff9c0d88000 	C:\Windows\SYSTEM32\CRYPTSP.dll
0x00007ff9c0500000 - 0x00007ff9c0534000 	C:\Windows\system32\rsaenh.dll
0x00007ff9c1a90000 - 0x00007ff9c1ab7000 	C:\Windows\System32\bcrypt.dll
0x00007ff9c1350000 - 0x00007ff9c137e000 	C:\Windows\SYSTEM32\USERENV.dll
0x00007ff9c0d90000 - 0x00007ff9c0d9c000 	C:\Windows\SYSTEM32\CRYPTBASE.dll
0x00007ff9a8c90000 - 0x00007ff9a8c9e000 	C:\Users\Administrator\.jdks\corretto-24.0.2\bin\sunmscapi.dll
0x00007ff9c1930000 - 0x00007ff9c1a86000 	C:\Windows\System32\CRYPT32.dll
0x00007ff9c0e90000 - 0x00007ff9c0eb7000 	C:\Windows\SYSTEM32\ncrypt.dll
0x00007ff9c0e50000 - 0x00007ff9c0e8b000 	C:\Windows\SYSTEM32\NTASN1.dll
0x00007ff9a8db0000 - 0x00007ff9a8db7000 	C:\Windows\system32\wshunix.dll
0x00007ff9a8cf0000 - 0x00007ff9a8d07000 	C:\Windows\system32\napinsp.dll
0x00007ff9a8c30000 - 0x00007ff9a8c4b000 	C:\Windows\system32\pnrpnsp.dll
0x00007ff9ad0f0000 - 0x00007ff9ad105000 	C:\Windows\system32\wshbth.dll
0x00007ff9bcec0000 - 0x00007ff9bcedd000 	C:\Windows\system32\NLAapi.dll
0x00007ff9c08b0000 - 0x00007ff9c097a000 	C:\Windows\SYSTEM32\DNSAPI.dll
0x00007ff9a7010000 - 0x00007ff9a7022000 	C:\Windows\System32\winrnr.dll
0x00007ff9ba240000 - 0x00007ff9ba2c0000 	C:\Windows\System32\fwpuclnt.dll
0x00007ff9a8ee0000 - 0x00007ff9a8ee7000 	C:\Users\Administrator\.jdks\corretto-24.0.2\bin\rmi.dll

JVMTI agents:
C:\Users\Administrator\.gradle\wrapper\dists\gradle-8.14.3-bin\40dfek2kz346l18gf9ltjsnyd\gradle-8.14.3\lib\agents\gradle-instrumentation-agent-8.14.3.jar path:C:\Users\Administrator\.jdks\corretto-24.0.2\bin\instrument.dll, loaded, initialized, instrumentlib options:none

dbghelp: loaded successfully - version: 4.0.5 - missing functions: none
symbol engine: initialized successfully - sym options: 0x614 - pdb path: .;C:\Users\Administrator\.jdks\corretto-24.0.2\bin;C:\Windows\SYSTEM32;C:\Windows\WinSxS\amd64_microsoft.windows.common-controls_6595b64144ccf1df_6.0.19041.1110_none_60b5254171f9507e;C:\Users\Administrator\.jdks\corretto-24.0.2\bin\server;C:\Users\Administrator\.gradle\native\1def1411415f61bf3af743bc5b6707747c0891f09f0c88961ee8f79bc544acac\windows-amd64;C:\Users\Administrator\.gradle\native\0.2.7\x86_64-windows-gnu

VM Arguments:
jvm_args: --add-opens=java.base/java.lang=ALL-UNNAMED --add-opens=java.base/java.lang.invoke=ALL-UNNAMED --add-opens=java.base/java.util=ALL-UNNAMED --add-opens=java.prefs/java.util.prefs=ALL-UNNAMED --add-exports=jdk.compiler/com.sun.tools.javac.api=ALL-UNNAMED --add-exports=jdk.compiler/com.sun.tools.javac.util=ALL-UNNAMED --add-opens=java.base/java.util=ALL-UNNAMED --add-opens=java.prefs/java.util.prefs=ALL-UNNAMED --add-opens=java.base/java.nio.charset=ALL-UNNAMED --add-opens=java.base/java.net=ALL-UNNAMED --add-opens=java.base/java.util.concurrent.atomic=ALL-UNNAMED --add-opens=java.xml/javax.xml.namespace=ALL-UNNAMED --enable-native-access=ALL-UNNAMED -Xmx3072M -Dfile.encoding=UTF-8 -Duser.country=CN -Duser.language=zh -Duser.variant -javaagent:C:\Users\Administrator\.gradle\wrapper\dists\gradle-8.14.3-bin\40dfek2kz346l18gf9ltjsnyd\gradle-8.14.3\lib\agents\gradle-instrumentation-agent-8.14.3.jar 
java_command: org.gradle.launcher.daemon.bootstrap.GradleDaemon 8.14.3
java_class_path (initial): C:\Users\Administrator\.gradle\wrapper\dists\gradle-8.14.3-bin\40dfek2kz346l18gf9ltjsnyd\gradle-8.14.3\lib\gradle-daemon-main-8.14.3.jar
Launcher Type: SUN_STANDARD

[Global flags]
     intx CICompilerCount                          = 3                                         {product} {ergonomic}
     uint ConcGCThreads                            = 1                                         {product} {ergonomic}
     uint G1ConcRefinementThreads                  = 4                                         {product} {ergonomic}
   size_t G1HeapRegionSize                         = 2097152                                   {product} {ergonomic}
   size_t InitialHeapSize                          = 134217728                                 {product} {ergonomic}
   size_t MarkStackSize                            = 4194304                                   {product} {ergonomic}
   size_t MarkStackSizeMax                         = 536870912                                 {product} {ergonomic}
   size_t MaxHeapSize                              = 3221225472                                {product} {command line}
   size_t MaxNewSize                               = 1931476992                                {product} {ergonomic}
   size_t MinHeapDeltaBytes                        = 2097152                                   {product} {ergonomic}
   size_t MinHeapSize                              = 8388608                                   {product} {ergonomic}
    uintx NonNMethodCodeHeapSize                   = 5832704                                {pd product} {ergonomic}
    uintx NonProfiledCodeHeapSize                  = 122945536                              {pd product} {ergonomic}
    uintx ProfiledCodeHeapSize                     = 122880000                              {pd product} {ergonomic}
    uintx ReservedCodeCacheSize                    = 251658240                              {pd product} {ergonomic}
     bool SegmentedCodeCache                       = true                                      {product} {ergonomic}
   size_t SoftMaxHeapSize                          = 3221225472                             {manageable} {ergonomic}
     bool UseCompressedOops                        = true                           {product lp64_product} {ergonomic}
     bool UseG1GC                                  = true                                      {product} {ergonomic}
     bool UseLargePagesIndividualAllocation        = false                                  {pd product} {ergonomic}

Logging:
Log output configuration:
 #0: stdout all=warning uptime,level,tags foldmultilines=false
 #1: stderr all=off uptime,level,tags foldmultilines=false

Environment Variables:
PATH=C:\Windows\system32;C:\Windows;C:\Windows\System32\Wbem;C:\Windows\System32\WindowsPowerShell\v1.0\;C:\Program Files\Git\cmd;C:\Users\Administrator\AppData\Local\Programs\Python\Launcher\;C:\Users\Administrator\AppData\Local\Microsoft\WindowsApps;C:\Microsoft VS Code\bin
USERNAME=Administrator
OS=Windows_NT
PROCESSOR_IDENTIFIER=Intel64 Family 6 Model 85 Stepping 4, GenuineIntel
TMP=C:\Users\ADMINI~1\AppData\Local\Temp
TEMP=C:\Users\ADMINI~1\AppData\Local\Temp




Periodic native trim disabled

---------------  S Y S T E M  ---------------

OS:
 Windows 10 , 64 bit Build 19041 (10.0.19041.1889)
OS uptime: 6 days 22:11 hours
Hyper-V virtualization detected

CPU: total 4 (initial active 4) (2 cores per cpu, 2 threads per core) family 6 model 85 stepping 4 microcode 0xffffffff, cx8, cmov, fxsr, ht, mmx, 3dnowpref, sse, sse2, sse3, ssse3, sse4.1, sse4.2, popcnt, lzcnt, tsc, tscinvbit, avx, avx2, aes, erms, clmul, bmi1, bmi2, rtm, adx, fma, vzeroupper, clflush, clflushopt, clwb, hv, rdtscp, f16c
Processor Information for the first 4 processors :
  Max Mhz: 2095, Current Mhz: 2095, Mhz Limit: 2095

Memory: 4k page, system-wide physical 8191M (453M free)
TotalPageFile size 11885M (AvailPageFile size 322M)
current process WorkingSet (physical memory assigned to process): 398M, peak: 430M
current process commit charge ("private bytes"): 483M, peak: 504M

vm_info: OpenJDK 64-Bit Server VM (24.0.2+12-FR) for windows-amd64 JRE (24.0.2+12-FR), built on 2025-07-11T01:41:34Z with unknown MS VC++:1944

END.
